<?xml version="1.0" encoding="UTF-8"?>
<!-- Generated by org.testng.reporters.JUnitXMLReporter -->
<testsuite ignored="0" hostname="DESKTOP-2TF9LCF" failures="2" tests="2" name="Validating loginuser" time="19.264" errors="0" timestamp="16 May 2021 03:14:21 GMT">
  <testcase classname="resource.BaseUtil" name="screenShotCapture" time="0.0">
    <failure type="org.testng.TestNGException" message="
Cannot inject @Test annotated Method [screenShotCapture] with [class java.lang.String, interface org.openqa.selenium.WebDriver].
For more information on native dependency injection please refer to http://testng.org/doc/documentation-main.html#native-dependency-injection">
      <![CDATA[org.testng.TestNGException: 
Cannot inject @Test annotated Method [screenShotCapture] with [class java.lang.String, interface org.openqa.selenium.WebDriver].
For more information on native dependency injection please refer to http://testng.org/doc/documentation-main.html#native-dependency-injection
... Removed 24 stack frames]]>
    </failure>
  </testcase> <!-- screenShotCapture -->
  <testcase classname="bestbuy.oma.TC_1_LoginUser" name="login" time="8.785">
    <failure type="java.lang.AssertionError" message="expected [true] but found [false]">
      <![CDATA[java.lang.AssertionError: expected [true] but found [false]
at bestbuy.oma.TC_1_LoginUser.login(TC_1_LoginUser.java:54)
... Removed 29 stack frames]]>
    </failure>
  </testcase> <!-- login -->
</testsuite> <!-- Validating loginuser -->
