<?xml version="1.0" encoding="UTF-8"?>
<!-- Generated by org.testng.reporters.JUnitXMLReporter -->
<testsuite hostname="DESKTOP-2TF9LCF" ignored="0" name="Validating loginuser" tests="2" failures="2" timestamp="10 Jun 2021 10:03:56 GMT" time="16.038" errors="0">
  <testcase name="screenShotCapture" time="0.0" classname="resource.BaseUtil">
    <failure type="org.testng.TestNGException" message="
Cannot inject @Test annotated Method [screenShotCapture] with [class java.lang.String, interface org.openqa.selenium.WebDriver].
For more information on native dependency injection please refer to http://testng.org/doc/documentation-main.html#native-dependency-injection">
      <![CDATA[org.testng.TestNGException: 
Cannot inject @Test annotated Method [screenShotCapture] with [class java.lang.String, interface org.openqa.selenium.WebDriver].
For more information on native dependency injection please refer to http://testng.org/doc/documentation-main.html#native-dependency-injection
... Removed 28 stack frames]]>
    </failure>
  </testcase> <!-- screenShotCapture -->
  <testcase name="login" time="6.294" classname="bestbuy.oma.TC_1_LoginUser">
    <failure type="java.lang.AssertionError" message="expected [true] but found [false]">
      <![CDATA[java.lang.AssertionError: expected [true] but found [false]
at bestbuy.oma.TC_1_LoginUser.login(TC_1_LoginUser.java:55)
... Removed 33 stack frames]]>
    </failure>
  </testcase> <!-- login -->
</testsuite> <!-- Validating loginuser -->
